solver,benchmark,result,time,Restarts
z3_,/home/ptr/experiments/ijcar/benchmarks/mult1.c.50.smt2,Timeout,60043,null
z3_,/home/ptr/experiments/ijcar/benchmarks/test_v7_r12_vr5_c1_s8938.smt2,Timeout,60023,null
z3_,/home/ptr/experiments/ijcar/benchmarks/sin.c.25.smt2,Memout,18594,null
z3_,/home/ptr/experiments/ijcar/benchmarks/test_v7_r7_vr1_c1_s22845.smt2,Timeout,60051,null
z3_,/home/ptr/experiments/ijcar/benchmarks/gaussian.c.75.smt2,Memout,16191,null
z3_,/home/ptr/experiments/ijcar/benchmarks/cos_polynomial_true-unreach-call.c_9.smt2,Timeout,60048,null
z3_,/home/ptr/experiments/ijcar/benchmarks/div.c.3.smt2,SAT,4257,1523
z3_,/home/ptr/experiments/ijcar/benchmarks/div3.c.30.smt2,Timeout,60055,null
z3_,/home/ptr/experiments/ijcar/benchmarks/nan_double-main.smt2,SAT,13,null
z3_,/home/ptr/experiments/ijcar/benchmarks/mult2.c.10.smt2,SAT,40831,19846
z3_,/home/ptr/experiments/ijcar/benchmarks/mult2.c.20.smt2,Timeout,60020,null
z3_,/home/ptr/experiments/ijcar/benchmarks/test_v5_r5_vr5_c1_s2800.smt2,Timeout,60013,null
z3_,/home/ptr/experiments/ijcar/benchmarks/sin2.c.75.smt2,Memout,20144,null
z3_,/home/ptr/experiments/ijcar/benchmarks/test_v7_r7_vr5_c1_s3582.smt2,Timeout,60057,null
z3_,/home/ptr/experiments/ijcar/benchmarks/test_v7_r7_vr10_c1_s24535.smt2,Timeout,60024,null
z3_,/home/ptr/experiments/ijcar/benchmarks/water_pid_true-unreach-call.c_372.smt2,SAT,31123,8186
z3_,/home/ptr/experiments/ijcar/benchmarks/test_v7_r7_vr1_c1_s4574.smt2,Timeout,60022,null
z3_,/home/ptr/experiments/ijcar/benchmarks/test_v7_r12_vr10_c1_s30410.smt2,Timeout,60029,null
z3_,/home/ptr/experiments/ijcar/benchmarks/div2.c.30.smt2,Memout,14650,null
z3_,/home/ptr/experiments/ijcar/benchmarks/nan_float-main.smt2,SAT,121,null
z3_,/home/ptr/experiments/ijcar/benchmarks/newton.7.2.i.smt2,SAT,34533,10274
z3_,/home/ptr/experiments/ijcar/benchmarks/water_pid_true-unreach-call.c_14.smt2,Timeout,60033,null
z3_,/home/ptr/experiments/ijcar/benchmarks/test_v3_r3_vr5_c1_s26769.smt2,SAT,2435,2361
z3_,/home/ptr/experiments/ijcar/benchmarks/mult2.c.40.smt2,Timeout,60036,null
z3_,/home/ptr/experiments/ijcar/benchmarks/sin.c.175.smt2,Memout,16987,null
z3_,/home/ptr/experiments/ijcar/benchmarks/div2.c.3.smt2,SAT,2727,159
z3_,/home/ptr/experiments/ijcar/benchmarks/test_v7_r17_vr1_c1_s23882.smt2,Timeout,60039,null
z3_,/home/ptr/experiments/ijcar/benchmarks/test_v5_r10_vr1_c1_s13516.smt2,Timeout,60020,null
z3_,/home/ptr/experiments/ijcar/benchmarks/newton.6.1.i.smt2,SAT,7798,1091
z3_,/home/ptr/experiments/ijcar/benchmarks/div.c.10.smt2,Timeout,60024,null
z3_,/home/ptr/experiments/ijcar/benchmarks/test_v7_r7_vr5_c1_s14675.smt2,Timeout,60021,null
z3_,/home/ptr/experiments/ijcar/benchmarks/test_v5_r10_vr5_c1_s13195.smt2,Timeout,60020,null
z3_,/home/ptr/experiments/ijcar/benchmarks/cases_2.smt2,SAT,12,null
z3_,/home/ptr/experiments/ijcar/benchmarks/newton.5.1.i.smt2,Timeout,60018,null
z3_,/home/ptr/experiments/ijcar/benchmarks/sin2.c.2.smt2,Timeout,60035,null
z3_,/home/ptr/experiments/ijcar/benchmarks/newton.4.1.i.smt2,SAT,33876,6802
z3_,/home/ptr/experiments/ijcar/benchmarks/test_v7_r12_vr10_c1_s15994.smt2,Timeout,60031,null
z3_,/home/ptr/experiments/ijcar/benchmarks/mul_000003_30000_1.smt2,Timeout,60007,null
z3_,/home/ptr/experiments/ijcar/benchmarks/mult1.c.20.smt2,SAT,35609,13755
z3_,/home/ptr/experiments/ijcar/benchmarks/test_v3_r8_vr10_c1_s5590.smt2,Timeout,60010,null
z3_,/home/ptr/experiments/ijcar/benchmarks/incorrect_reordering.smt2,SAT,10957,10438
z3_,/home/ptr/experiments/ijcar/benchmarks/test_v5_r5_vr10_c1_s5379.smt2,SAT,29973,11016
z3_,/home/ptr/experiments/ijcar/benchmarks/e3_1.c.smt2,SAT,1691,5
z3_,/home/ptr/experiments/ijcar/benchmarks/sin.c.125.smt2,Memout,16016,null
z3_,/home/ptr/experiments/ijcar/benchmarks/div3.c.40.smt2,Timeout,60102,null
z3_,/home/ptr/experiments/ijcar/benchmarks/test_v3_r3_vr5_c1_s16641.smt2,SAT,6545,5564
z3_,/home/ptr/experiments/ijcar/benchmarks/mult1.c.40.smt2,Timeout,60024,null
z3_,/home/ptr/experiments/ijcar/benchmarks/test_v7_r17_vr10_c1_s18654.smt2,Timeout,60038,null
z3_,/home/ptr/experiments/ijcar/benchmarks/newton.8.2.i.smt2,Timeout,60030,null
z3_,/home/ptr/experiments/ijcar/benchmarks/test_v7_r7_vr5_c1_s19694.smt2,Timeout,60022,null
z3_,/home/ptr/experiments/ijcar/benchmarks/mult2.c.3.smt2,SAT,717,704
z3_,/home/ptr/experiments/ijcar/benchmarks/e2a_3.c.smt2,SAT,53,null
z3_,/home/ptr/experiments/ijcar/benchmarks/test_v5_r5_vr1_c1_s14623.smt2,Timeout,60012,null
z3_,/home/ptr/experiments/ijcar/benchmarks/div2.c.40.smt2,Memout,42241,null
z3_,/home/ptr/experiments/ijcar/benchmarks/test_v3_r3_vr10_c1_s29304.smt2,SAT,1738,1176
z3_,/home/ptr/experiments/ijcar/benchmarks/sqrt.c.5.smt2,Memout,58988,null
z3_,/home/ptr/experiments/ijcar/benchmarks/mult2.c.50.smt2,Timeout,60075,null
z3_,/home/ptr/experiments/ijcar/benchmarks/div3.c.50.smt2,Timeout,60102,null
z3_,/home/ptr/experiments/ijcar/benchmarks/e2a_1.c.smt2,SAT,302,45
z3_,/home/ptr/experiments/ijcar/benchmarks/sqrt.c.25.smt2,Memout,22292,null
z3_,/home/ptr/experiments/ijcar/benchmarks/test_v5_r5_vr1_c1_s16138.smt2,Timeout,60037,null
z3_,/home/ptr/experiments/ijcar/benchmarks/div.c.40.smt2,Timeout,60072,null
z3_,/home/ptr/experiments/ijcar/benchmarks/div3.c.3.smt2,SAT,4218,1598
z3_,/home/ptr/experiments/ijcar/benchmarks/newton.6.3.i.smt2,Timeout,60039,null
z3_,/home/ptr/experiments/ijcar/benchmarks/test_v3_r3_vr10_c1_s14052.smt2,SAT,1908,2028
z3_,/home/ptr/experiments/ijcar/benchmarks/test_v5_r5_vr10_c1_s5996.smt2,SAT,6315,3057
z3_,/home/ptr/experiments/ijcar/benchmarks/test_v7_r12_vr10_c1_s18160.smt2,Timeout,60031,null
z3_,/home/ptr/experiments/ijcar/benchmarks/div2.c.50.smt2,Memout,24899,null
z3_,/home/ptr/experiments/ijcar/benchmarks/test_v5_r5_vr5_c1_s24018.smt2,Timeout,60057,null
z3_,/home/ptr/experiments/ijcar/benchmarks/div2.c.20.smt2,Memout,42413,null
z3_,/home/ptr/experiments/ijcar/benchmarks/sin2.c.125.smt2,Memout,16297,null
z3_,/home/ptr/experiments/ijcar/benchmarks/test_v7_r7_vr10_c1_s32506.smt2,Timeout,60049,null
z3_,/home/ptr/experiments/ijcar/benchmarks/sqrt.c.15.smt2,Memout,51844,null
z3_,/home/ptr/experiments/ijcar/benchmarks/filter2_reinit_true-unreach-call.c_7.smt2,Timeout,60048,null
z3_,/home/ptr/experiments/ijcar/benchmarks/mult1.c.3.smt2,SAT,370,158
z3_,/home/ptr/experiments/ijcar/benchmarks/sqrt.c.10.smt2,Memout,17073,null
z3_,/home/ptr/experiments/ijcar/benchmarks/test_v7_r12_vr5_c1_s29826.smt2,Timeout,60065,null
z3_,/home/ptr/experiments/ijcar/benchmarks/test_v7_r17_vr10_c1_s8773.smt2,Timeout,60041,null
z3_,/home/ptr/experiments/ijcar/benchmarks/mul_03_3_1.smt2,SAT,22725,8670
z3_,/home/ptr/experiments/ijcar/benchmarks/gaussian.c.25.smt2,Timeout,60047,null
z3_,/home/ptr/experiments/ijcar/benchmarks/image_filter_true-unreach-call.c_2.smt2,SAT,47229,25337
z3_,/home/ptr/experiments/ijcar/benchmarks/newton.7.3.i.smt2,Timeout,60041,null
z3_,/home/ptr/experiments/ijcar/benchmarks/mult1.c.10.smt2,SAT,6517,8574
z3_,/home/ptr/experiments/ijcar/benchmarks/newton.7.1.i.smt2,SAT,37351,7493
z3_,/home/ptr/experiments/ijcar/benchmarks/newton.6.2.i.smt2,SAT,38595,6231
z3_,/home/ptr/experiments/ijcar/benchmarks/div.c.20.smt2,Timeout,60038,null
z3_,/home/ptr/experiments/ijcar/benchmarks/div.c.30.smt2,Timeout,60056,null
z3_,/home/ptr/experiments/ijcar/benchmarks/e1_2.c.smt2,SAT,230,null
z3_,/home/ptr/experiments/ijcar/benchmarks/test_v5_r5_vr10_c1_s7194.smt2,Timeout,60016,null
z3_,/home/ptr/experiments/ijcar/benchmarks/test_v7_r17_vr5_c1_s4772.smt2,Timeout,60038,null
z3_,/home/ptr/experiments/ijcar/benchmarks/sin2.c.5.smt2,Memout,40436,null
z3_,/home/ptr/experiments/ijcar/benchmarks/square_and_power_inverse.smt2,SAT,99,null
z3_,/home/ptr/experiments/ijcar/benchmarks/mult2.c.30.smt2,Timeout,60030,null
z3_,/home/ptr/experiments/ijcar/benchmarks/newton.8.3.i.smt2,Timeout,60053,null
z3_,/home/ptr/experiments/ijcar/benchmarks/newton.8.1.i.smt2,SAT,8067,31
z3_,/home/ptr/experiments/ijcar/benchmarks/e3_2.c.smt2,SAT,1372,22
z3_,/home/ptr/experiments/ijcar/benchmarks/test_v7_r12_vr5_c1_s14336.smt2,Timeout,60040,null
z3_,/home/ptr/experiments/ijcar/benchmarks/test_v5_r5_vr5_c1_s9855.smt2,Timeout,60015,null
z3_,/home/ptr/experiments/ijcar/benchmarks/test_v5_r5_vr1_c1_s15604.smt2,SAT,28331,12006
z3_,/home/ptr/experiments/ijcar/benchmarks/test_v5_r10_vr5_c1_s13679.smt2,Timeout,60023,null
z3_,/home/ptr/experiments/ijcar/benchmarks/e1.c.smt2,SAT,339,null
z3_,/home/ptr/experiments/ijcar/benchmarks/sin2.c.175.smt2,Memout,21673,null
z3_,/home/ptr/experiments/ijcar/benchmarks/sin.c.75.smt2,Memout,26358,null
z3_,/home/ptr/experiments/ijcar/benchmarks/sin2.c.20.smt2,Memout,18307,null
z3_,/home/ptr/experiments/ijcar/benchmarks/sqrt.c.20.smt2,Memout,26612,null
z3_,/home/ptr/experiments/ijcar/benchmarks/test_v7_r17_vr10_c1_s3680.smt2,Timeout,60068,null
z3_,/home/ptr/experiments/ijcar/benchmarks/gaussian.c.125.smt2,Memout,42666,null
z3_,/home/ptr/experiments/ijcar/benchmarks/e2.c.smt2,SAT,1639,null
z3_,/home/ptr/experiments/ijcar/benchmarks/test_v7_r7_vr10_c1_s10625.smt2,Timeout,60028,null
z3_,/home/ptr/experiments/ijcar/benchmarks/div2.c.10.smt2,Timeout,60054,null
z3_,/home/ptr/experiments/ijcar/benchmarks/e1_1.c.smt2,SAT,300,null
z3_,/home/ptr/experiments/ijcar/benchmarks/e2a_2.c.smt2,SAT,261,4
z3_,/home/ptr/experiments/ijcar/benchmarks/div3.c.20.smt2,Timeout,60039,null
z3_,/home/ptr/experiments/ijcar/benchmarks/test_v3_r3_vr5_c1_s16867.smt2,SAT,1717,1289
z3_,/home/ptr/experiments/ijcar/benchmarks/test_v3_r3_vr1_c1_s10392.smt2,SAT,1332,1066
z3_,/home/ptr/experiments/ijcar/benchmarks/mul_03_3000_1.smt2,Timeout,60008,null
z3_,/home/ptr/experiments/ijcar/benchmarks/div.c.50.smt2,Timeout,60131,null
z3_,/home/ptr/experiments/ijcar/benchmarks/e2_1.c.smt2,SAT,1020,22
z3_,/home/ptr/experiments/ijcar/benchmarks/test_v5_r10_vr1_c1_s19145.smt2,Timeout,60020,null
z3_,/home/ptr/experiments/ijcar/benchmarks/newton_3_6_false-unreach-call-main.smt2,Timeout,60041,null
z3_,/home/ptr/experiments/ijcar/benchmarks/mult1.c.30.smt2,Timeout,60021,null
z3_,/home/ptr/experiments/ijcar/benchmarks/sin2.c.15.smt2,Memout,14013,null
z3_,/home/ptr/experiments/ijcar/benchmarks/gaussian.c.175.smt2,Memout,51899,null
z3_,/home/ptr/experiments/ijcar/benchmarks/sqrt.c.2.smt2,Timeout,60071,null
z3_,/home/ptr/experiments/ijcar/benchmarks/sine.1.0.i.smt2,Timeout,60015,null
z3_,/home/ptr/experiments/ijcar/benchmarks/e2_3.c.smt2,SAT,235,17
z3_,/home/ptr/experiments/ijcar/benchmarks/div3.c.10.smt2,SAT,26029,10723
z3_,/home/ptr/experiments/ijcar/benchmarks/sin2.c.25.smt2,Memout,15086,null
z3_,/home/ptr/experiments/ijcar/benchmarks/e2_2.c.smt2,SAT,175,null
z3_,/home/ptr/experiments/ijcar/benchmarks/sin2.c.10.smt2,Memout,34801,null
uppsat_FixedPoint,/home/ptr/experiments/ijcar/benchmarks/mult1.c.50.smt2,SAT,6882
uppsat_FixedPoint,/home/ptr/experiments/ijcar/benchmarks/test_v7_r12_vr5_c1_s8938.smt2,SAT,5501
uppsat_FixedPoint,/home/ptr/experiments/ijcar/benchmarks/sin.c.25.smt2,Timeout,60032
uppsat_FixedPoint,/home/ptr/experiments/ijcar/benchmarks/test_v7_r7_vr1_c1_s22845.smt2,SAT,3892
uppsat_FixedPoint,/home/ptr/experiments/ijcar/benchmarks/gaussian.c.75.smt2,Timeout,60029
uppsat_FixedPoint,/home/ptr/experiments/ijcar/benchmarks/cos_polynomial_true-unreach-call.c_9.smt2,SAT,1285
uppsat_FixedPoint,/home/ptr/experiments/ijcar/benchmarks/div.c.3.smt2,SAT,1352
uppsat_FixedPoint,/home/ptr/experiments/ijcar/benchmarks/div3.c.30.smt2,Timeout,60034
uppsat_FixedPoint,/home/ptr/experiments/ijcar/benchmarks/nan_double-main.smt2,Error,309
uppsat_FixedPoint,/home/ptr/experiments/ijcar/benchmarks/mult2.c.10.smt2,SAT,2163
uppsat_FixedPoint,/home/ptr/experiments/ijcar/benchmarks/mult2.c.20.smt2,SAT,3410
uppsat_FixedPoint,/home/ptr/experiments/ijcar/benchmarks/test_v5_r5_vr5_c1_s2800.smt2,SAT,16427
uppsat_FixedPoint,/home/ptr/experiments/ijcar/benchmarks/sin2.c.75.smt2,Timeout,60033
uppsat_FixedPoint,/home/ptr/experiments/ijcar/benchmarks/test_v7_r7_vr5_c1_s3582.smt2,SAT,3624
uppsat_FixedPoint,/home/ptr/experiments/ijcar/benchmarks/test_v7_r7_vr10_c1_s24535.smt2,SAT,3836
uppsat_FixedPoint,/home/ptr/experiments/ijcar/benchmarks/water_pid_true-unreach-call.c_372.smt2,SAT,559
uppsat_FixedPoint,/home/ptr/experiments/ijcar/benchmarks/test_v7_r7_vr1_c1_s4574.smt2,SAT,7146
uppsat_FixedPoint,/home/ptr/experiments/ijcar/benchmarks/test_v7_r12_vr10_c1_s30410.smt2,Timeout,60027
uppsat_FixedPoint,/home/ptr/experiments/ijcar/benchmarks/div2.c.30.smt2,Timeout,60035
uppsat_FixedPoint,/home/ptr/experiments/ijcar/benchmarks/nan_float-main.smt2,Error,302
uppsat_FixedPoint,/home/ptr/experiments/ijcar/benchmarks/newton.7.2.i.smt2,SAT,47025
uppsat_FixedPoint,/home/ptr/experiments/ijcar/benchmarks/water_pid_true-unreach-call.c_14.smt2,SAT,1221
uppsat_FixedPoint,/home/ptr/experiments/ijcar/benchmarks/test_v3_r3_vr5_c1_s26769.smt2,SAT,1573
uppsat_FixedPoint,/home/ptr/experiments/ijcar/benchmarks/mult2.c.40.smt2,SAT,5907
uppsat_FixedPoint,/home/ptr/experiments/ijcar/benchmarks/sin.c.175.smt2,Timeout,60036
uppsat_FixedPoint,/home/ptr/experiments/ijcar/benchmarks/div2.c.3.smt2,SAT,7095
uppsat_FixedPoint,/home/ptr/experiments/ijcar/benchmarks/test_v7_r17_vr1_c1_s23882.smt2,SAT,24637
uppsat_FixedPoint,/home/ptr/experiments/ijcar/benchmarks/test_v5_r10_vr1_c1_s13516.smt2,SAT,3547
uppsat_FixedPoint,/home/ptr/experiments/ijcar/benchmarks/newton.6.1.i.smt2,SAT,1642
uppsat_FixedPoint,/home/ptr/experiments/ijcar/benchmarks/div.c.10.smt2,SAT,2255
uppsat_FixedPoint,/home/ptr/experiments/ijcar/benchmarks/test_v7_r7_vr5_c1_s14675.smt2,SAT,3643
uppsat_FixedPoint,/home/ptr/experiments/ijcar/benchmarks/test_v5_r10_vr5_c1_s13195.smt2,SAT,26732
uppsat_FixedPoint,/home/ptr/experiments/ijcar/benchmarks/cases_2.smt2,SAT,588
uppsat_FixedPoint,/home/ptr/experiments/ijcar/benchmarks/newton.5.1.i.smt2,SAT,3199
uppsat_FixedPoint,/home/ptr/experiments/ijcar/benchmarks/sin2.c.2.smt2,SAT,25459
uppsat_FixedPoint,/home/ptr/experiments/ijcar/benchmarks/newton.4.1.i.smt2,SAT,16701
uppsat_FixedPoint,/home/ptr/experiments/ijcar/benchmarks/test_v7_r12_vr10_c1_s15994.smt2,Timeout,60026
uppsat_FixedPoint,/home/ptr/experiments/ijcar/benchmarks/mul_000003_30000_1.smt2,Timeout,60023
uppsat_FixedPoint,/home/ptr/experiments/ijcar/benchmarks/mult1.c.20.smt2,SAT,3213
uppsat_FixedPoint,/home/ptr/experiments/ijcar/benchmarks/test_v3_r8_vr10_c1_s5590.smt2,SAT,3770
uppsat_FixedPoint,/home/ptr/experiments/ijcar/benchmarks/incorrect_reordering.smt2,SAT,7732
uppsat_FixedPoint,/home/ptr/experiments/ijcar/benchmarks/test_v5_r5_vr10_c1_s5379.smt2,SAT,3595
uppsat_FixedPoint,/home/ptr/experiments/ijcar/benchmarks/e3_1.c.smt2,SAT,2302
uppsat_FixedPoint,/home/ptr/experiments/ijcar/benchmarks/sin.c.125.smt2,Timeout,60036
uppsat_FixedPoint,/home/ptr/experiments/ijcar/benchmarks/div3.c.40.smt2,SAT,6658
uppsat_FixedPoint,/home/ptr/experiments/ijcar/benchmarks/test_v3_r3_vr5_c1_s16641.smt2,SAT,1556
uppsat_FixedPoint,/home/ptr/experiments/ijcar/benchmarks/mult1.c.40.smt2,SAT,5609
uppsat_FixedPoint,/home/ptr/experiments/ijcar/benchmarks/test_v7_r17_vr10_c1_s18654.smt2,Timeout,60021
uppsat_FixedPoint,/home/ptr/experiments/ijcar/benchmarks/newton.8.2.i.smt2,SAT,2000
uppsat_FixedPoint,/home/ptr/experiments/ijcar/benchmarks/test_v7_r7_vr5_c1_s19694.smt2,SAT,12407
uppsat_FixedPoint,/home/ptr/experiments/ijcar/benchmarks/mult2.c.3.smt2,SAT,1349
uppsat_FixedPoint,/home/ptr/experiments/ijcar/benchmarks/e2a_3.c.smt2,SAT,1271
uppsat_FixedPoint,/home/ptr/experiments/ijcar/benchmarks/test_v5_r5_vr1_c1_s14623.smt2,SAT,2465
uppsat_FixedPoint,/home/ptr/experiments/ijcar/benchmarks/div2.c.40.smt2,Timeout,60022
uppsat_FixedPoint,/home/ptr/experiments/ijcar/benchmarks/test_v3_r3_vr10_c1_s29304.smt2,SAT,1663
uppsat_FixedPoint,/home/ptr/experiments/ijcar/benchmarks/sqrt.c.5.smt2,Timeout,60025
uppsat_FixedPoint,/home/ptr/experiments/ijcar/benchmarks/mult2.c.50.smt2,SAT,33849
uppsat_FixedPoint,/home/ptr/experiments/ijcar/benchmarks/div3.c.50.smt2,SAT,8846
uppsat_FixedPoint,/home/ptr/experiments/ijcar/benchmarks/e2a_1.c.smt2,SAT,1308
uppsat_FixedPoint,/home/ptr/experiments/ijcar/benchmarks/sqrt.c.25.smt2,Timeout,60036
uppsat_FixedPoint,/home/ptr/experiments/ijcar/benchmarks/test_v5_r5_vr1_c1_s16138.smt2,SAT,2541
uppsat_FixedPoint,/home/ptr/experiments/ijcar/benchmarks/div.c.40.smt2,Timeout,60025
uppsat_FixedPoint,/home/ptr/experiments/ijcar/benchmarks/div3.c.3.smt2,SAT,1447
uppsat_FixedPoint,/home/ptr/experiments/ijcar/benchmarks/newton.6.3.i.smt2,Timeout,60036
uppsat_FixedPoint,/home/ptr/experiments/ijcar/benchmarks/test_v3_r3_vr10_c1_s14052.smt2,SAT,1611
uppsat_FixedPoint,/home/ptr/experiments/ijcar/benchmarks/test_v5_r5_vr10_c1_s5996.smt2,SAT,2405
uppsat_FixedPoint,/home/ptr/experiments/ijcar/benchmarks/test_v7_r12_vr10_c1_s18160.smt2,Timeout,60018
uppsat_FixedPoint,/home/ptr/experiments/ijcar/benchmarks/div2.c.50.smt2,Timeout,60025
uppsat_FixedPoint,/home/ptr/experiments/ijcar/benchmarks/test_v5_r5_vr5_c1_s24018.smt2,SAT,2559
uppsat_FixedPoint,/home/ptr/experiments/ijcar/benchmarks/div2.c.20.smt2,Timeout,60023
uppsat_FixedPoint,/home/ptr/experiments/ijcar/benchmarks/sin2.c.125.smt2,Timeout,60032
uppsat_FixedPoint,/home/ptr/experiments/ijcar/benchmarks/test_v7_r7_vr10_c1_s32506.smt2,SAT,18249
uppsat_FixedPoint,/home/ptr/experiments/ijcar/benchmarks/sqrt.c.15.smt2,Timeout,60032
uppsat_FixedPoint,/home/ptr/experiments/ijcar/benchmarks/filter2_reinit_true-unreach-call.c_7.smt2,SAT,1238
uppsat_FixedPoint,/home/ptr/experiments/ijcar/benchmarks/mult1.c.3.smt2,SAT,1345
uppsat_FixedPoint,/home/ptr/experiments/ijcar/benchmarks/sqrt.c.10.smt2,Timeout,60025
uppsat_FixedPoint,/home/ptr/experiments/ijcar/benchmarks/test_v7_r12_vr5_c1_s29826.smt2,SAT,6032
uppsat_FixedPoint,/home/ptr/experiments/ijcar/benchmarks/test_v7_r17_vr10_c1_s8773.smt2,Timeout,60029
uppsat_FixedPoint,/home/ptr/experiments/ijcar/benchmarks/mul_03_3_1.smt2,Timeout,60023
uppsat_FixedPoint,/home/ptr/experiments/ijcar/benchmarks/gaussian.c.25.smt2,Timeout,60043
uppsat_FixedPoint,/home/ptr/experiments/ijcar/benchmarks/image_filter_true-unreach-call.c_2.smt2,SAT,1238
uppsat_FixedPoint,/home/ptr/experiments/ijcar/benchmarks/newton.7.3.i.smt2,Timeout,60036
uppsat_FixedPoint,/home/ptr/experiments/ijcar/benchmarks/mult1.c.10.smt2,SAT,2119
uppsat_FixedPoint,/home/ptr/experiments/ijcar/benchmarks/newton.7.1.i.smt2,SAT,1588
uppsat_FixedPoint,/home/ptr/experiments/ijcar/benchmarks/newton.6.2.i.smt2,SAT,43384
uppsat_FixedPoint,/home/ptr/experiments/ijcar/benchmarks/div.c.20.smt2,SAT,3571
uppsat_FixedPoint,/home/ptr/experiments/ijcar/benchmarks/div.c.30.smt2,Timeout,60034
uppsat_FixedPoint,/home/ptr/experiments/ijcar/benchmarks/e1_2.c.smt2,SAT,1153
uppsat_FixedPoint,/home/ptr/experiments/ijcar/benchmarks/test_v5_r5_vr10_c1_s7194.smt2,SAT,7103
uppsat_FixedPoint,/home/ptr/experiments/ijcar/benchmarks/test_v7_r17_vr5_c1_s4772.smt2,Timeout,60022
uppsat_FixedPoint,/home/ptr/experiments/ijcar/benchmarks/sin2.c.5.smt2,Timeout,60039
uppsat_FixedPoint,/home/ptr/experiments/ijcar/benchmarks/square_and_power_inverse.smt2,SAT,513
uppsat_FixedPoint,/home/ptr/experiments/ijcar/benchmarks/mult2.c.30.smt2,SAT,35052
uppsat_FixedPoint,/home/ptr/experiments/ijcar/benchmarks/newton.8.3.i.smt2,SAT,17150
uppsat_FixedPoint,/home/ptr/experiments/ijcar/benchmarks/newton.8.1.i.smt2,SAT,1581
uppsat_FixedPoint,/home/ptr/experiments/ijcar/benchmarks/e3_2.c.smt2,SAT,4997
uppsat_FixedPoint,/home/ptr/experiments/ijcar/benchmarks/test_v7_r12_vr5_c1_s14336.smt2,Timeout,60027
uppsat_FixedPoint,/home/ptr/experiments/ijcar/benchmarks/test_v5_r5_vr5_c1_s9855.smt2,SAT,3931
uppsat_FixedPoint,/home/ptr/experiments/ijcar/benchmarks/test_v5_r5_vr1_c1_s15604.smt2,SAT,3717
uppsat_FixedPoint,/home/ptr/experiments/ijcar/benchmarks/test_v5_r10_vr5_c1_s13679.smt2,SAT,12373
uppsat_FixedPoint,/home/ptr/experiments/ijcar/benchmarks/e1.c.smt2,SAT,2744
uppsat_FixedPoint,/home/ptr/experiments/ijcar/benchmarks/sin2.c.175.smt2,Timeout,60046
uppsat_FixedPoint,/home/ptr/experiments/ijcar/benchmarks/sin.c.75.smt2,Timeout,60022
uppsat_FixedPoint,/home/ptr/experiments/ijcar/benchmarks/sin2.c.20.smt2,Timeout,60027
uppsat_FixedPoint,/home/ptr/experiments/ijcar/benchmarks/sqrt.c.20.smt2,Timeout,60032
uppsat_FixedPoint,/home/ptr/experiments/ijcar/benchmarks/test_v7_r17_vr10_c1_s3680.smt2,Timeout,60021
uppsat_FixedPoint,/home/ptr/experiments/ijcar/benchmarks/gaussian.c.125.smt2,Timeout,60021
uppsat_FixedPoint,/home/ptr/experiments/ijcar/benchmarks/e2.c.smt2,SAT,1724
uppsat_FixedPoint,/home/ptr/experiments/ijcar/benchmarks/test_v7_r7_vr10_c1_s10625.smt2,SAT,3569
uppsat_FixedPoint,/home/ptr/experiments/ijcar/benchmarks/div2.c.10.smt2,Timeout,60030
uppsat_FixedPoint,/home/ptr/experiments/ijcar/benchmarks/e1_1.c.smt2,SAT,1110
uppsat_FixedPoint,/home/ptr/experiments/ijcar/benchmarks/e2a_2.c.smt2,SAT,1290
uppsat_FixedPoint,/home/ptr/experiments/ijcar/benchmarks/div3.c.20.smt2,SAT,3621
uppsat_FixedPoint,/home/ptr/experiments/ijcar/benchmarks/test_v3_r3_vr5_c1_s16867.smt2,SAT,1554
uppsat_FixedPoint,/home/ptr/experiments/ijcar/benchmarks/test_v3_r3_vr1_c1_s10392.smt2,SAT,1565
uppsat_FixedPoint,/home/ptr/experiments/ijcar/benchmarks/mul_03_3000_1.smt2,Timeout,60027
uppsat_FixedPoint,/home/ptr/experiments/ijcar/benchmarks/div.c.50.smt2,SAT,8521
uppsat_FixedPoint,/home/ptr/experiments/ijcar/benchmarks/e2_1.c.smt2,SAT,1489
uppsat_FixedPoint,/home/ptr/experiments/ijcar/benchmarks/test_v5_r10_vr1_c1_s19145.smt2,SAT,7396
uppsat_FixedPoint,/home/ptr/experiments/ijcar/benchmarks/newton_3_6_false-unreach-call-main.smt2,Error,292
uppsat_FixedPoint,/home/ptr/experiments/ijcar/benchmarks/mult1.c.30.smt2,SAT,4565
uppsat_FixedPoint,/home/ptr/experiments/ijcar/benchmarks/sin2.c.15.smt2,Timeout,60025
uppsat_FixedPoint,/home/ptr/experiments/ijcar/benchmarks/gaussian.c.175.smt2,Timeout,60035
uppsat_FixedPoint,/home/ptr/experiments/ijcar/benchmarks/sqrt.c.2.smt2,Timeout,60038
uppsat_FixedPoint,/home/ptr/experiments/ijcar/benchmarks/sine.1.0.i.smt2,SAT,2047
uppsat_FixedPoint,/home/ptr/experiments/ijcar/benchmarks/e2_3.c.smt2,SAT,1943
uppsat_FixedPoint,/home/ptr/experiments/ijcar/benchmarks/div3.c.10.smt2,SAT,3021
uppsat_FixedPoint,/home/ptr/experiments/ijcar/benchmarks/sin2.c.25.smt2,Timeout,60033
uppsat_FixedPoint,/home/ptr/experiments/ijcar/benchmarks/e2_2.c.smt2,SAT,2073
uppsat_FixedPoint,/home/ptr/experiments/ijcar/benchmarks/sin2.c.10.smt2,Timeout,60026
uppsat_SmallFloats,/home/ptr/experiments/ijcar/benchmarks/mult1.c.50.smt2,SAT,10692
uppsat_SmallFloats,/home/ptr/experiments/ijcar/benchmarks/test_v7_r12_vr5_c1_s8938.smt2,SAT,38641
uppsat_SmallFloats,/home/ptr/experiments/ijcar/benchmarks/sin.c.25.smt2,Timeout,60034
uppsat_SmallFloats,/home/ptr/experiments/ijcar/benchmarks/test_v7_r7_vr1_c1_s22845.smt2,SAT,30064
uppsat_SmallFloats,/home/ptr/experiments/ijcar/benchmarks/gaussian.c.75.smt2,Timeout,60034
uppsat_SmallFloats,/home/ptr/experiments/ijcar/benchmarks/cos_polynomial_true-unreach-call.c_9.smt2,SAT,1745
uppsat_SmallFloats,/home/ptr/experiments/ijcar/benchmarks/div.c.3.smt2,SAT,1708
uppsat_SmallFloats,/home/ptr/experiments/ijcar/benchmarks/div3.c.30.smt2,SAT,6278
uppsat_SmallFloats,/home/ptr/experiments/ijcar/benchmarks/nan_double-main.smt2,Error,296
uppsat_SmallFloats,/home/ptr/experiments/ijcar/benchmarks/mult2.c.10.smt2,SAT,2218
uppsat_SmallFloats,/home/ptr/experiments/ijcar/benchmarks/mult2.c.20.smt2,SAT,3507
uppsat_SmallFloats,/home/ptr/experiments/ijcar/benchmarks/test_v5_r5_vr5_c1_s2800.smt2,SAT,3422
uppsat_SmallFloats,/home/ptr/experiments/ijcar/benchmarks/sin2.c.75.smt2,Timeout,60023
uppsat_SmallFloats,/home/ptr/experiments/ijcar/benchmarks/test_v7_r7_vr5_c1_s3582.smt2,SAT,4446
uppsat_SmallFloats,/home/ptr/experiments/ijcar/benchmarks/test_v7_r7_vr10_c1_s24535.smt2,SAT,20934
uppsat_SmallFloats,/home/ptr/experiments/ijcar/benchmarks/water_pid_true-unreach-call.c_372.smt2,SAT,621
uppsat_SmallFloats,/home/ptr/experiments/ijcar/benchmarks/test_v7_r7_vr1_c1_s4574.smt2,Timeout,60025
uppsat_SmallFloats,/home/ptr/experiments/ijcar/benchmarks/test_v7_r12_vr10_c1_s30410.smt2,Timeout,60022
uppsat_SmallFloats,/home/ptr/experiments/ijcar/benchmarks/div2.c.30.smt2,SAT,4808
uppsat_SmallFloats,/home/ptr/experiments/ijcar/benchmarks/nan_float-main.smt2,Error,299
uppsat_SmallFloats,/home/ptr/experiments/ijcar/benchmarks/newton.7.2.i.smt2,SAT,8681
uppsat_SmallFloats,/home/ptr/experiments/ijcar/benchmarks/water_pid_true-unreach-call.c_14.smt2,SAT,1367
uppsat_SmallFloats,/home/ptr/experiments/ijcar/benchmarks/test_v3_r3_vr5_c1_s26769.smt2,SAT,2245
uppsat_SmallFloats,/home/ptr/experiments/ijcar/benchmarks/mult2.c.40.smt2,SAT,6052
uppsat_SmallFloats,/home/ptr/experiments/ijcar/benchmarks/sin.c.175.smt2,Timeout,60035
uppsat_SmallFloats,/home/ptr/experiments/ijcar/benchmarks/div2.c.3.smt2,SAT,1333
uppsat_SmallFloats,/home/ptr/experiments/ijcar/benchmarks/test_v7_r17_vr1_c1_s23882.smt2,Timeout,60027
uppsat_SmallFloats,/home/ptr/experiments/ijcar/benchmarks/test_v5_r10_vr1_c1_s13516.smt2,SAT,4439
uppsat_SmallFloats,/home/ptr/experiments/ijcar/benchmarks/newton.6.1.i.smt2,SAT,2303
uppsat_SmallFloats,/home/ptr/experiments/ijcar/benchmarks/div.c.10.smt2,SAT,2208
uppsat_SmallFloats,/home/ptr/experiments/ijcar/benchmarks/test_v7_r7_vr5_c1_s14675.smt2,SAT,6541
uppsat_SmallFloats,/home/ptr/experiments/ijcar/benchmarks/test_v5_r10_vr5_c1_s13195.smt2,SAT,4897
uppsat_SmallFloats,/home/ptr/experiments/ijcar/benchmarks/cases_2.smt2,SAT,904
uppsat_SmallFloats,/home/ptr/experiments/ijcar/benchmarks/newton.5.1.i.smt2,SAT,2307
uppsat_SmallFloats,/home/ptr/experiments/ijcar/benchmarks/sin2.c.2.smt2,SAT,4299
uppsat_SmallFloats,/home/ptr/experiments/ijcar/benchmarks/newton.4.1.i.smt2,SAT,5971
uppsat_SmallFloats,/home/ptr/experiments/ijcar/benchmarks/test_v7_r12_vr10_c1_s15994.smt2,Timeout,60024
uppsat_SmallFloats,/home/ptr/experiments/ijcar/benchmarks/mul_000003_30000_1.smt2,Timeout,60020
uppsat_SmallFloats,/home/ptr/experiments/ijcar/benchmarks/mult1.c.20.smt2,SAT,3319
uppsat_SmallFloats,/home/ptr/experiments/ijcar/benchmarks/test_v3_r8_vr10_c1_s5590.smt2,SAT,11510
uppsat_SmallFloats,/home/ptr/experiments/ijcar/benchmarks/incorrect_reordering.smt2,SAT,953
uppsat_SmallFloats,/home/ptr/experiments/ijcar/benchmarks/test_v5_r5_vr10_c1_s5379.smt2,SAT,2960
uppsat_SmallFloats,/home/ptr/experiments/ijcar/benchmarks/e3_1.c.smt2,SAT,1655
uppsat_SmallFloats,/home/ptr/experiments/ijcar/benchmarks/sin.c.125.smt2,Timeout,60023
uppsat_SmallFloats,/home/ptr/experiments/ijcar/benchmarks/div3.c.40.smt2,SAT,6933
uppsat_SmallFloats,/home/ptr/experiments/ijcar/benchmarks/test_v3_r3_vr5_c1_s16641.smt2,SAT,2207
uppsat_SmallFloats,/home/ptr/experiments/ijcar/benchmarks/mult1.c.40.smt2,SAT,12054
uppsat_SmallFloats,/home/ptr/experiments/ijcar/benchmarks/test_v7_r17_vr10_c1_s18654.smt2,Timeout,60021
uppsat_SmallFloats,/home/ptr/experiments/ijcar/benchmarks/newton.8.2.i.smt2,SAT,5728
uppsat_SmallFloats,/home/ptr/experiments/ijcar/benchmarks/test_v7_r7_vr5_c1_s19694.smt2,SAT,9776
uppsat_SmallFloats,/home/ptr/experiments/ijcar/benchmarks/mult2.c.3.smt2,SAT,1333
uppsat_SmallFloats,/home/ptr/experiments/ijcar/benchmarks/e2a_3.c.smt2,SAT,1273
uppsat_SmallFloats,/home/ptr/experiments/ijcar/benchmarks/test_v5_r5_vr1_c1_s14623.smt2,SAT,8950
uppsat_SmallFloats,/home/ptr/experiments/ijcar/benchmarks/div2.c.40.smt2,SAT,6250
uppsat_SmallFloats,/home/ptr/experiments/ijcar/benchmarks/test_v3_r3_vr10_c1_s29304.smt2,SAT,1640
uppsat_SmallFloats,/home/ptr/experiments/ijcar/benchmarks/sqrt.c.5.smt2,Timeout,60025
uppsat_SmallFloats,/home/ptr/experiments/ijcar/benchmarks/mult2.c.50.smt2,SAT,7114
uppsat_SmallFloats,/home/ptr/experiments/ijcar/benchmarks/div3.c.50.smt2,SAT,9087
uppsat_SmallFloats,/home/ptr/experiments/ijcar/benchmarks/e2a_1.c.smt2,SAT,1293
uppsat_SmallFloats,/home/ptr/experiments/ijcar/benchmarks/sqrt.c.25.smt2,Timeout,60032
uppsat_SmallFloats,/home/ptr/experiments/ijcar/benchmarks/test_v5_r5_vr1_c1_s16138.smt2,SAT,2476
uppsat_SmallFloats,/home/ptr/experiments/ijcar/benchmarks/div.c.40.smt2,SAT,6552
uppsat_SmallFloats,/home/ptr/experiments/ijcar/benchmarks/div3.c.3.smt2,SAT,1362
uppsat_SmallFloats,/home/ptr/experiments/ijcar/benchmarks/newton.6.3.i.smt2,SAT,7087
uppsat_SmallFloats,/home/ptr/experiments/ijcar/benchmarks/test_v3_r3_vr10_c1_s14052.smt2,SAT,1578
uppsat_SmallFloats,/home/ptr/experiments/ijcar/benchmarks/test_v5_r5_vr10_c1_s5996.smt2,SAT,2685
uppsat_SmallFloats,/home/ptr/experiments/ijcar/benchmarks/test_v7_r12_vr10_c1_s18160.smt2,Timeout,60021
uppsat_SmallFloats,/home/ptr/experiments/ijcar/benchmarks/div2.c.50.smt2,SAT,7257
uppsat_SmallFloats,/home/ptr/experiments/ijcar/benchmarks/test_v5_r5_vr5_c1_s24018.smt2,SAT,5470
uppsat_SmallFloats,/home/ptr/experiments/ijcar/benchmarks/div2.c.20.smt2,SAT,3465
uppsat_SmallFloats,/home/ptr/experiments/ijcar/benchmarks/sin2.c.125.smt2,Timeout,60036
uppsat_SmallFloats,/home/ptr/experiments/ijcar/benchmarks/test_v7_r7_vr10_c1_s32506.smt2,SAT,6396
uppsat_SmallFloats,/home/ptr/experiments/ijcar/benchmarks/sqrt.c.15.smt2,Timeout,60062
uppsat_SmallFloats,/home/ptr/experiments/ijcar/benchmarks/filter2_reinit_true-unreach-call.c_7.smt2,SAT,1277
uppsat_SmallFloats,/home/ptr/experiments/ijcar/benchmarks/mult1.c.3.smt2,SAT,1302
uppsat_SmallFloats,/home/ptr/experiments/ijcar/benchmarks/sqrt.c.10.smt2,Timeout,60030
uppsat_SmallFloats,/home/ptr/experiments/ijcar/benchmarks/test_v7_r12_vr5_c1_s29826.smt2,SAT,17142
uppsat_SmallFloats,/home/ptr/experiments/ijcar/benchmarks/test_v7_r17_vr10_c1_s8773.smt2,Timeout,60022
uppsat_SmallFloats,/home/ptr/experiments/ijcar/benchmarks/mul_03_3_1.smt2,Timeout,60029
uppsat_SmallFloats,/home/ptr/experiments/ijcar/benchmarks/gaussian.c.25.smt2,SAT,27963
uppsat_SmallFloats,/home/ptr/experiments/ijcar/benchmarks/image_filter_true-unreach-call.c_2.smt2,SAT,1369
uppsat_SmallFloats,/home/ptr/experiments/ijcar/benchmarks/newton.7.3.i.smt2,SAT,6176
uppsat_SmallFloats,/home/ptr/experiments/ijcar/benchmarks/mult1.c.10.smt2,SAT,3571
uppsat_SmallFloats,/home/ptr/experiments/ijcar/benchmarks/newton.7.1.i.smt2,SAT,1797
uppsat_SmallFloats,/home/ptr/experiments/ijcar/benchmarks/newton.6.2.i.smt2,SAT,2994
uppsat_SmallFloats,/home/ptr/experiments/ijcar/benchmarks/div.c.20.smt2,SAT,3766
uppsat_SmallFloats,/home/ptr/experiments/ijcar/benchmarks/div.c.30.smt2,SAT,5240
uppsat_SmallFloats,/home/ptr/experiments/ijcar/benchmarks/e1_2.c.smt2,SAT,1137
uppsat_SmallFloats,/home/ptr/experiments/ijcar/benchmarks/test_v5_r5_vr10_c1_s7194.smt2,SAT,8847
uppsat_SmallFloats,/home/ptr/experiments/ijcar/benchmarks/test_v7_r17_vr5_c1_s4772.smt2,Timeout,60026
uppsat_SmallFloats,/home/ptr/experiments/ijcar/benchmarks/sin2.c.5.smt2,Timeout,60028
uppsat_SmallFloats,/home/ptr/experiments/ijcar/benchmarks/square_and_power_inverse.smt2,SAT,527
uppsat_SmallFloats,/home/ptr/experiments/ijcar/benchmarks/mult2.c.30.smt2,SAT,4382
uppsat_SmallFloats,/home/ptr/experiments/ijcar/benchmarks/newton.8.3.i.smt2,SAT,3231
uppsat_SmallFloats,/home/ptr/experiments/ijcar/benchmarks/newton.8.1.i.smt2,SAT,1699
uppsat_SmallFloats,/home/ptr/experiments/ijcar/benchmarks/e3_2.c.smt2,SAT,1892
uppsat_SmallFloats,/home/ptr/experiments/ijcar/benchmarks/test_v7_r12_vr5_c1_s14336.smt2,SAT,10713
uppsat_SmallFloats,/home/ptr/experiments/ijcar/benchmarks/test_v5_r5_vr5_c1_s9855.smt2,SAT,2899
uppsat_SmallFloats,/home/ptr/experiments/ijcar/benchmarks/test_v5_r5_vr1_c1_s15604.smt2,SAT,2883
uppsat_SmallFloats,/home/ptr/experiments/ijcar/benchmarks/test_v5_r10_vr5_c1_s13679.smt2,SAT,7798
uppsat_SmallFloats,/home/ptr/experiments/ijcar/benchmarks/e1.c.smt2,SAT,1263
uppsat_SmallFloats,/home/ptr/experiments/ijcar/benchmarks/sin2.c.175.smt2,Timeout,60037
uppsat_SmallFloats,/home/ptr/experiments/ijcar/benchmarks/sin.c.75.smt2,Timeout,60024
uppsat_SmallFloats,/home/ptr/experiments/ijcar/benchmarks/sin2.c.20.smt2,Timeout,60030
uppsat_SmallFloats,/home/ptr/experiments/ijcar/benchmarks/sqrt.c.20.smt2,Timeout,60031
uppsat_SmallFloats,/home/ptr/experiments/ijcar/benchmarks/test_v7_r17_vr10_c1_s3680.smt2,Timeout,60022
uppsat_SmallFloats,/home/ptr/experiments/ijcar/benchmarks/gaussian.c.125.smt2,Timeout,60033
uppsat_SmallFloats,/home/ptr/experiments/ijcar/benchmarks/e2.c.smt2,SAT,1714
uppsat_SmallFloats,/home/ptr/experiments/ijcar/benchmarks/test_v7_r7_vr10_c1_s10625.smt2,SAT,5641
uppsat_SmallFloats,/home/ptr/experiments/ijcar/benchmarks/div2.c.10.smt2,SAT,2155
uppsat_SmallFloats,/home/ptr/experiments/ijcar/benchmarks/e1_1.c.smt2,SAT,1092
uppsat_SmallFloats,/home/ptr/experiments/ijcar/benchmarks/e2a_2.c.smt2,SAT,1295
uppsat_SmallFloats,/home/ptr/experiments/ijcar/benchmarks/div3.c.20.smt2,SAT,3474
uppsat_SmallFloats,/home/ptr/experiments/ijcar/benchmarks/test_v3_r3_vr5_c1_s16867.smt2,SAT,1560
uppsat_SmallFloats,/home/ptr/experiments/ijcar/benchmarks/test_v3_r3_vr1_c1_s10392.smt2,SAT,2345
uppsat_SmallFloats,/home/ptr/experiments/ijcar/benchmarks/mul_03_3000_1.smt2,Timeout,60026
uppsat_SmallFloats,/home/ptr/experiments/ijcar/benchmarks/div.c.50.smt2,SAT,8169
uppsat_SmallFloats,/home/ptr/experiments/ijcar/benchmarks/e2_1.c.smt2,SAT,1485
uppsat_SmallFloats,/home/ptr/experiments/ijcar/benchmarks/test_v5_r10_vr1_c1_s19145.smt2,SAT,37876
uppsat_SmallFloats,/home/ptr/experiments/ijcar/benchmarks/newton_3_6_false-unreach-call-main.smt2,Error,322
uppsat_SmallFloats,/home/ptr/experiments/ijcar/benchmarks/mult1.c.30.smt2,SAT,4460
uppsat_SmallFloats,/home/ptr/experiments/ijcar/benchmarks/sin2.c.15.smt2,Timeout,60030
uppsat_SmallFloats,/home/ptr/experiments/ijcar/benchmarks/gaussian.c.175.smt2,Timeout,60033
uppsat_SmallFloats,/home/ptr/experiments/ijcar/benchmarks/sqrt.c.2.smt2,SAT,5590
uppsat_SmallFloats,/home/ptr/experiments/ijcar/benchmarks/sine.1.0.i.smt2,SAT,4706
uppsat_SmallFloats,/home/ptr/experiments/ijcar/benchmarks/e2_3.c.smt2,SAT,1479
uppsat_SmallFloats,/home/ptr/experiments/ijcar/benchmarks/div3.c.10.smt2,SAT,2132
uppsat_SmallFloats,/home/ptr/experiments/ijcar/benchmarks/sin2.c.25.smt2,Timeout,60033
uppsat_SmallFloats,/home/ptr/experiments/ijcar/benchmarks/e2_2.c.smt2,SAT,1609
uppsat_SmallFloats,/home/ptr/experiments/ijcar/benchmarks/sin2.c.10.smt2,Timeout,60026
